<?xml version="1.0" encoding="UTF-8"?>
<testsuite name="com.CronoEdu.notification.application.service.NotificacionServiceTest" tests="10" skipped="0" failures="0" errors="0" timestamp="2026-05-30T06:10:33.804Z" hostname="AAA" time="4.493">
  <properties/>
  <testcase name="procesar_DeberiaEnviarEmail_CuandoTipoEsDesconocido()" classname="com.CronoEdu.notification.application.service.NotificacionServiceTest" time="4.391"/>
  <testcase name="procesar_NoDeberiaEnviarEmail_CuandoEmailDisabled()" classname="com.CronoEdu.notification.application.service.NotificacionServiceTest" time="0.006"/>
  <testcase name="procesar_NoDeberiaEnviarEmail_CuandoEmailEsBlank()" classname="com.CronoEdu.notification.application.service.NotificacionServiceTest" time="0.01"/>
  <testcase name="procesar_NoDeberiaEnviarEmail_CuandoEmailEsVacio()" classname="com.CronoEdu.notification.application.service.NotificacionServiceTest" time="0.005"/>
  <testcase name="procesar_DeberiaEnviarEmail_CuandoTipoEsLogin()" classname="com.CronoEdu.notification.application.service.NotificacionServiceTest" time="0.015"/>
  <testcase name="procesar_DeberiaEnviarEmail_CuandoTipoEsEliminacion()" classname="com.CronoEdu.notification.application.service.NotificacionServiceTest" time="0.012"/>
  <testcase name="procesar_NoDeberiaLanzarExcepcion_CuandoMailSenderFalla()" classname="com.CronoEdu.notification.application.service.NotificacionServiceTest" time="0.016"/>
  <testcase name="procesar_DeberiaEnviarEmail_CuandoTipoEsRegistro()" classname="com.CronoEdu.notification.application.service.NotificacionServiceTest" time="0.008"/>
  <testcase name="procesar_DeberiaEnviarEmail_CuandoTipoEsActualizacion()" classname="com.CronoEdu.notification.application.service.NotificacionServiceTest" time="0.006"/>
  <testcase name="procesar_NoDeberiaEnviarEmail_CuandoEmailEsNull()" classname="com.CronoEdu.notification.application.service.NotificacionServiceTest" time="0.008"/>
  <system-out><![CDATA[Notificacion recibida - Tipo: OTRO, Email: estudiante@universidad.edu, Mensaje: Mensaje generico
Email enviado a: estudiante@universidad.edu
Notificacion recibida - Tipo: REGISTRO, Email: estudiante@universidad.edu, Mensaje: Mensaje
Notificacion recibida - Tipo: REGISTRO, Email:    , Mensaje: Mensaje
Notificacion recibida - Tipo: REGISTRO, Email: , Mensaje: Mensaje
Notificacion recibida - Tipo: LOGIN, Email: estudiante@universidad.edu, Mensaje: Inicio de sesion exitoso
Email enviado a: estudiante@universidad.edu
Notificacion recibida - Tipo: ELIMINACION, Email: estudiante@universidad.edu, Mensaje: Cuenta eliminada
Email enviado a: estudiante@universidad.edu
Notificacion recibida - Tipo: REGISTRO, Email: estudiante@universidad.edu, Mensaje: Mensaje
Error al enviar email: SMTP error
Notificacion recibida - Tipo: REGISTRO, Email: estudiante@universidad.edu, Mensaje: Usuario registrado exitosamente: Juan
Email enviado a: estudiante@universidad.edu
Notificacion recibida - Tipo: ACTUALIZACION, Email: estudiante@universidad.edu, Mensaje: Usuario actualizado
Email enviado a: estudiante@universidad.edu
Notificacion recibida - Tipo: REGISTRO, Email: null, Mensaje: Mensaje
]]></system-out>
  <system-err><![CDATA[Mockito is currently self-attaching to enable the inline-mock-maker. This will no longer work in future releases of the JDK. Please add Mockito as an agent to your build as described in Mockito's documentation: https://javadoc.io/doc/org.mockito/mockito-core/latest/org.mockito/org/mockito/Mockito.html#0.3
WARNING: A Java agent has been loaded dynamically (C:\Users\lucas\.gradle\caches\modules-2\files-2.1\net.bytebuddy\byte-buddy-agent\1.17.8\f09415827a71be7ed621c7bd02550678f28bc81c\byte-buddy-agent-1.17.8.jar)
WARNING: If a serviceability tool is in use, please run with -XX:+EnableDynamicAgentLoading to hide this warning
WARNING: If a serviceability tool is not in use, please run with -Djdk.instrument.traceUsage for more information
WARNING: Dynamic loading of agents will be disallowed by default in a future release
]]></system-err>
</testsuite>
