<?xml version="1.0" encoding="UTF-8"?>
<testsuite name="com.CronoEdu.notification.infraestructure.entry_points.NotificacionControllerTest" tests="2" skipped="0" failures="0" errors="0" timestamp="2026-05-30T13:26:12.390Z" hostname="AAA" time="2.569">
  <properties/>
  <testcase name="enviar_DeberiaRetornar200_CuandoExitoso()" classname="com.CronoEdu.notification.infraestructure.entry_points.NotificacionControllerTest" time="2.536"/>
  <testcase name="enviar_DeberiaManejarExcepcion()" classname="com.CronoEdu.notification.infraestructure.entry_points.NotificacionControllerTest" time="0.028"/>
  <system-out><![CDATA[08:26:14.403 [Test worker] INFO org.springframework.mock.web.MockServletContext -- Initializing Spring TestDispatcherServlet ''
08:26:14.408 [Test worker] INFO org.springframework.test.web.servlet.TestDispatcherServlet -- Initializing Servlet ''
08:26:14.414 [Test worker] INFO org.springframework.test.web.servlet.TestDispatcherServlet -- Completed initialization in 5 ms
08:26:14.948 [Test worker] INFO org.springframework.mock.web.MockServletContext -- Initializing Spring TestDispatcherServlet ''
08:26:14.948 [Test worker] INFO org.springframework.test.web.servlet.TestDispatcherServlet -- Initializing Servlet ''
08:26:14.948 [Test worker] INFO org.springframework.test.web.servlet.TestDispatcherServlet -- Completed initialization in 0 ms
]]></system-out>
  <system-err><![CDATA[]]></system-err>
</testsuite>
