<?xml version="1.0" encoding="UTF-8"?>
<testsuite name="com.CronoEdu.auth.domain.usecase.UsuarioUseCaseTest" tests="29" skipped="0" failures="0" errors="0" timestamp="2026-05-30T13:25:06.522Z" hostname="AAA" time="0.2">
  <properties/>
  <testcase name="registrar_DeberiaLanzarExcepcion_CuandoCedulaEsVacia()" classname="com.CronoEdu.auth.domain.usecase.UsuarioUseCaseTest" time="0.017"/>
  <testcase name="actualizarUsuario_DeberiaActualizarYNotificar_CuandoDatosSonValidosSinNuevoPassword()" classname="com.CronoEdu.auth.domain.usecase.UsuarioUseCaseTest" time="0.044"/>
  <testcase name="login_DeberiaLanzarExcepcion_CuandoCorreoEsVacio()" classname="com.CronoEdu.auth.domain.usecase.UsuarioUseCaseTest" time="0.004"/>
  <testcase name="registrar_DeberiaLanzarExcepcion_CuandoCorreoEsNull()" classname="com.CronoEdu.auth.domain.usecase.UsuarioUseCaseTest" time="0.004"/>
  <testcase name="actualizarUsuario_DeberiaLanzarExcepcion_CuandoCedulaEsNull()" classname="com.CronoEdu.auth.domain.usecase.UsuarioUseCaseTest" time="0.004"/>
  <testcase name="login_DeberiaLanzarExcepcion_CuandoCorreoEsNull()" classname="com.CronoEdu.auth.domain.usecase.UsuarioUseCaseTest" time="0.004"/>
  <testcase name="registrar_DeberiaLanzarExcepcion_CuandoCorreoEsVacio()" classname="com.CronoEdu.auth.domain.usecase.UsuarioUseCaseTest" time="0.006"/>
  <testcase name="eliminarUsuario_DeberiaLanzarExcepcion_CuandoCedulaEsNull()" classname="com.CronoEdu.auth.domain.usecase.UsuarioUseCaseTest" time="0.003"/>
  <testcase name="actualizarUsuario_DeberiaPropagarExcepcion_CuandoUsuarioNoExiste()" classname="com.CronoEdu.auth.domain.usecase.UsuarioUseCaseTest" time="0.008"/>
  <testcase name="actualizarUsuario_DeberiaLanzarExcepcion_CuandoCedulaEsVacia()" classname="com.CronoEdu.auth.domain.usecase.UsuarioUseCaseTest" time="0.006"/>
  <testcase name="eliminarUsuario_DeberiaEliminarYNotificar_CuandoCedulaEsValida()" classname="com.CronoEdu.auth.domain.usecase.UsuarioUseCaseTest" time="0.006"/>
  <testcase name="eliminarUsuario_DeberiaPropagarExcepcion_CuandoUsuarioNoExiste()" classname="com.CronoEdu.auth.domain.usecase.UsuarioUseCaseTest" time="0.004"/>
  <testcase name="buscarPorCedula_DeberiaPropagarExcepcion_CuandoUsuarioNoExiste()" classname="com.CronoEdu.auth.domain.usecase.UsuarioUseCaseTest" time="0.007"/>
  <testcase name="login_DeberiaLanzarExcepcion_CuandoPasswordEsNull()" classname="com.CronoEdu.auth.domain.usecase.UsuarioUseCaseTest" time="0.003"/>
  <testcase name="eliminarUsuario_DeberiaLanzarExcepcion_CuandoCedulaEsVacia()" classname="com.CronoEdu.auth.domain.usecase.UsuarioUseCaseTest" time="0.003"/>
  <testcase name="registrar_DeberiaLanzarExcepcion_CuandoNombreEsNull()" classname="com.CronoEdu.auth.domain.usecase.UsuarioUseCaseTest" time="0.005"/>
  <testcase name="registrar_DeberiaLanzarExcepcion_CuandoCedulaEsNull()" classname="com.CronoEdu.auth.domain.usecase.UsuarioUseCaseTest" time="0.003"/>
  <testcase name="registrar_DeberiaLanzarExcepcion_CuandoPasswordEsNull()" classname="com.CronoEdu.auth.domain.usecase.UsuarioUseCaseTest" time="0.003"/>
  <testcase name="registrar_DeberiaLanzarExcepcion_CuandoPasswordEsVacio()" classname="com.CronoEdu.auth.domain.usecase.UsuarioUseCaseTest" time="0.003"/>
  <testcase name="actualizarUsuario_DeberiaEncriptarNuevoPassword_CuandoSeProporciona()" classname="com.CronoEdu.auth.domain.usecase.UsuarioUseCaseTest" time="0.008"/>
  <testcase name="login_DeberiaLanzarExcepcion_CuandoPasswordNoCoincide()" classname="com.CronoEdu.auth.domain.usecase.UsuarioUseCaseTest" time="0.004"/>
  <testcase name="registrar_DeberiaGuardarYNotificar_CuandoDatosSonValidos()" classname="com.CronoEdu.auth.domain.usecase.UsuarioUseCaseTest" time="0.006"/>
  <testcase name="registrar_DeberiaLanzarExcepcion_CuandoNombreEsVacio()" classname="com.CronoEdu.auth.domain.usecase.UsuarioUseCaseTest" time="0.003"/>
  <testcase name="buscarPorCedula_DeberiaLanzarExcepcion_CuandoCedulaEsVacia()" classname="com.CronoEdu.auth.domain.usecase.UsuarioUseCaseTest" time="0.003"/>
  <testcase name="login_DeberiaLanzarExcepcion_CuandoPasswordEsVacio()" classname="com.CronoEdu.auth.domain.usecase.UsuarioUseCaseTest" time="0.003"/>
  <testcase name="buscarPorCedula_DeberiaRetornarUsuario_CuandoExiste()" classname="com.CronoEdu.auth.domain.usecase.UsuarioUseCaseTest" time="0.002"/>
  <testcase name="login_DeberiaLanzarExcepcion_CuandoUsuarioNoExiste()" classname="com.CronoEdu.auth.domain.usecase.UsuarioUseCaseTest" time="0.005"/>
  <testcase name="login_DeberiaRetornarUsuario_CuandoCredencialesSonValidas()" classname="com.CronoEdu.auth.domain.usecase.UsuarioUseCaseTest" time="0.003"/>
  <testcase name="buscarPorCedula_DeberiaLanzarExcepcion_CuandoCedulaEsNull()" classname="com.CronoEdu.auth.domain.usecase.UsuarioUseCaseTest" time="0.003"/>
  <system-out><![CDATA[]]></system-out>
  <system-err><![CDATA[]]></system-err>
</testsuite>
