<?xml version="1.0" encoding="UTF-8"?>
<testsuite name="com.CronoEdu.auth.infraestructure.entry_points.UsuarioControllerTest" tests="14" skipped="0" failures="0" errors="0" timestamp="2026-05-30T13:25:07.035Z" hostname="AAA" time="1.086">
  <properties/>
  <testcase name="actualizar_DeberiaRetornar200_CuandoExitoso()" classname="com.CronoEdu.auth.infraestructure.entry_points.UsuarioControllerTest" time="0.868"/>
  <testcase name="login_DeberiaRetornar401_CuandoCredencialesInvalidas()" classname="com.CronoEdu.auth.infraestructure.entry_points.UsuarioControllerTest" time="0.022"/>
  <testcase name="eliminar_DeberiaRetornar400_CuandoIllegalArgument()" classname="com.CronoEdu.auth.infraestructure.entry_points.UsuarioControllerTest" time="0.022"/>
  <testcase name="login_DeberiaRetornar500_CuandoErrorInesperado()" classname="com.CronoEdu.auth.infraestructure.entry_points.UsuarioControllerTest" time="0.017"/>
  <testcase name="eliminar_DeberiaRetornar200_CuandoExitoso()" classname="com.CronoEdu.auth.infraestructure.entry_points.UsuarioControllerTest" time="0.014"/>
  <testcase name="actualizar_DeberiaRetornar404_CuandoRuntimeException()" classname="com.CronoEdu.auth.infraestructure.entry_points.UsuarioControllerTest" time="0.011"/>
  <testcase name="register_DeberiaRetornar201_CuandoExitoso()" classname="com.CronoEdu.auth.infraestructure.entry_points.UsuarioControllerTest" time="0.014"/>
  <testcase name="buscarPorCedula_DeberiaRetornar200_CuandoExiste()" classname="com.CronoEdu.auth.infraestructure.entry_points.UsuarioControllerTest" time="0.016"/>
  <testcase name="register_DeberiaRetornar500_CuandoErrorInesperado()" classname="com.CronoEdu.auth.infraestructure.entry_points.UsuarioControllerTest" time="0.014"/>
  <testcase name="eliminar_DeberiaRetornar404_CuandoRuntimeException()" classname="com.CronoEdu.auth.infraestructure.entry_points.UsuarioControllerTest" time="0.013"/>
  <testcase name="login_DeberiaRetornar200_CuandoExitoso()" classname="com.CronoEdu.auth.infraestructure.entry_points.UsuarioControllerTest" time="0.016"/>
  <testcase name="register_DeberiaRetornar400_CuandoIllegalArgument()" classname="com.CronoEdu.auth.infraestructure.entry_points.UsuarioControllerTest" time="0.019"/>
  <testcase name="actualizar_DeberiaRetornar400_CuandoIllegalArgument()" classname="com.CronoEdu.auth.infraestructure.entry_points.UsuarioControllerTest" time="0.017"/>
  <testcase name="buscarPorCedula_DeberiaRetornar404_CuandoNoExiste()" classname="com.CronoEdu.auth.infraestructure.entry_points.UsuarioControllerTest" time="0.015"/>
  <system-out><![CDATA[08:25:07.506 [Test worker] INFO org.springframework.mock.web.MockServletContext -- Initializing Spring TestDispatcherServlet ''
08:25:07.509 [Test worker] INFO org.springframework.test.web.servlet.TestDispatcherServlet -- Initializing Servlet ''
08:25:07.514 [Test worker] INFO org.springframework.test.web.servlet.TestDispatcherServlet -- Completed initialization in 4 ms
08:25:07.918 [Test worker] INFO org.springframework.mock.web.MockServletContext -- Initializing Spring TestDispatcherServlet ''
08:25:07.918 [Test worker] INFO org.springframework.test.web.servlet.TestDispatcherServlet -- Initializing Servlet ''
08:25:07.918 [Test worker] INFO org.springframework.test.web.servlet.TestDispatcherServlet -- Completed initialization in 0 ms
08:25:07.941 [Test worker] INFO org.springframework.mock.web.MockServletContext -- Initializing Spring TestDispatcherServlet ''
08:25:07.941 [Test worker] INFO org.springframework.test.web.servlet.TestDispatcherServlet -- Initializing Servlet ''
08:25:07.941 [Test worker] INFO org.springframework.test.web.servlet.TestDispatcherServlet -- Completed initialization in 0 ms
08:25:07.958 [Test worker] INFO org.springframework.mock.web.MockServletContext -- Initializing Spring TestDispatcherServlet ''
08:25:07.958 [Test worker] INFO org.springframework.test.web.servlet.TestDispatcherServlet -- Initializing Servlet ''
08:25:07.958 [Test worker] INFO org.springframework.test.web.servlet.TestDispatcherServlet -- Completed initialization in 0 ms
08:25:07.974 [Test worker] INFO org.springframework.mock.web.MockServletContext -- Initializing Spring TestDispatcherServlet ''
08:25:07.974 [Test worker] INFO org.springframework.test.web.servlet.TestDispatcherServlet -- Initializing Servlet ''
08:25:07.974 [Test worker] INFO org.springframework.test.web.servlet.TestDispatcherServlet -- Completed initialization in 0 ms
08:25:07.988 [Test worker] INFO org.springframework.mock.web.MockServletContext -- Initializing Spring TestDispatcherServlet ''
08:25:07.988 [Test worker] INFO org.springframework.test.web.servlet.TestDispatcherServlet -- Initializing Servlet ''
08:25:07.988 [Test worker] INFO org.springframework.test.web.servlet.TestDispatcherServlet -- Completed initialization in 0 ms
08:25:08.000 [Test worker] INFO org.springframework.mock.web.MockServletContext -- Initializing Spring TestDispatcherServlet ''
08:25:08.001 [Test worker] INFO org.springframework.test.web.servlet.TestDispatcherServlet -- Initializing Servlet ''
08:25:08.001 [Test worker] INFO org.springframework.test.web.servlet.TestDispatcherServlet -- Completed initialization in 0 ms
08:25:08.016 [Test worker] INFO org.springframework.mock.web.MockServletContext -- Initializing Spring TestDispatcherServlet ''
08:25:08.017 [Test worker] INFO org.springframework.test.web.servlet.TestDispatcherServlet -- Initializing Servlet ''
08:25:08.017 [Test worker] INFO org.springframework.test.web.servlet.TestDispatcherServlet -- Completed initialization in 0 ms
08:25:08.031 [Test worker] INFO org.springframework.mock.web.MockServletContext -- Initializing Spring TestDispatcherServlet ''
08:25:08.031 [Test worker] INFO org.springframework.test.web.servlet.TestDispatcherServlet -- Initializing Servlet ''
08:25:08.031 [Test worker] INFO org.springframework.test.web.servlet.TestDispatcherServlet -- Completed initialization in 0 ms
08:25:08.046 [Test worker] INFO org.springframework.mock.web.MockServletContext -- Initializing Spring TestDispatcherServlet ''
08:25:08.047 [Test worker] INFO org.springframework.test.web.servlet.TestDispatcherServlet -- Initializing Servlet ''
08:25:08.047 [Test worker] INFO org.springframework.test.web.servlet.TestDispatcherServlet -- Completed initialization in 0 ms
08:25:08.059 [Test worker] INFO org.springframework.mock.web.MockServletContext -- Initializing Spring TestDispatcherServlet ''
08:25:08.059 [Test worker] INFO org.springframework.test.web.servlet.TestDispatcherServlet -- Initializing Servlet ''
08:25:08.059 [Test worker] INFO org.springframework.test.web.servlet.TestDispatcherServlet -- Completed initialization in 0 ms
08:25:08.075 [Test worker] INFO org.springframework.mock.web.MockServletContext -- Initializing Spring TestDispatcherServlet ''
08:25:08.075 [Test worker] INFO org.springframework.test.web.servlet.TestDispatcherServlet -- Initializing Servlet ''
08:25:08.075 [Test worker] INFO org.springframework.test.web.servlet.TestDispatcherServlet -- Completed initialization in 0 ms
08:25:08.097 [Test worker] INFO org.springframework.mock.web.MockServletContext -- Initializing Spring TestDispatcherServlet ''
08:25:08.097 [Test worker] INFO org.springframework.test.web.servlet.TestDispatcherServlet -- Initializing Servlet ''
08:25:08.097 [Test worker] INFO org.springframework.test.web.servlet.TestDispatcherServlet -- Completed initialization in 0 ms
08:25:08.117 [Test worker] INFO org.springframework.mock.web.MockServletContext -- Initializing Spring TestDispatcherServlet ''
08:25:08.117 [Test worker] INFO org.springframework.test.web.servlet.TestDispatcherServlet -- Initializing Servlet ''
08:25:08.117 [Test worker] INFO org.springframework.test.web.servlet.TestDispatcherServlet -- Completed initialization in 0 ms
]]></system-out>
  <system-err><![CDATA[]]></system-err>
</testsuite>
