<?xml version="1.0" encoding="UTF-8"?>
<testsuite name="com.CronoEdu.auth.infraestructure.notification.NotificationGatewayImplTest" tests="2" skipped="0" failures="0" errors="0" timestamp="2026-05-30T06:15:00.686Z" hostname="AAA" time="0.256">
  <properties/>
  <testcase name="enviarMensaje_DeberiaLlamarRestTemplate()" classname="com.CronoEdu.auth.infraestructure.notification.NotificationGatewayImplTest" time="0.249"/>
  <testcase name="enviarMensaje_NoDeberiaLanzarExcepcion_CuandoRestTemplateFalla()" classname="com.CronoEdu.auth.infraestructure.notification.NotificationGatewayImplTest" time="0.004"/>
  <system-out><![CDATA[Notificacion enviada: REGISTRO
Error al enviar notificacion: Error de conexion
]]></system-out>
  <system-err><![CDATA[]]></system-err>
</testsuite>
