<?xml version="1.0" encoding="UTF-8"?>
<testsuite name="com.CronoEdu.pomodoro.infraestructure.entry_points.PomodoroControllerTest" tests="6" skipped="0" failures="0" errors="0" timestamp="2026-05-30T13:26:11.725Z" hostname="AAA" time="3.254">
  <properties/>
  <testcase name="reiniciar_DeberiaRetornar400_CuandoIllegalArgument()" classname="com.CronoEdu.pomodoro.infraestructure.entry_points.PomodoroControllerTest" time="2.867"/>
  <testcase name="completarCiclo_DeberiaRetornar400_CuandoIllegalArgument()" classname="com.CronoEdu.pomodoro.infraestructure.entry_points.PomodoroControllerTest" time="0.047"/>
  <testcase name="reiniciar_DeberiaRetornar200()" classname="com.CronoEdu.pomodoro.infraestructure.entry_points.PomodoroControllerTest" time="0.253"/>
  <testcase name="obtenerEstado_DeberiaRetornar400_CuandoIllegalArgument()" classname="com.CronoEdu.pomodoro.infraestructure.entry_points.PomodoroControllerTest" time="0.02"/>
  <testcase name="obtenerEstado_DeberiaRetornar200_CuandoExiste()" classname="com.CronoEdu.pomodoro.infraestructure.entry_points.PomodoroControllerTest" time="0.028"/>
  <testcase name="completarCiclo_DeberiaRetornar200()" classname="com.CronoEdu.pomodoro.infraestructure.entry_points.PomodoroControllerTest" time="0.031"/>
  <system-out><![CDATA[08:26:14.251 [Test worker] INFO org.springframework.mock.web.MockServletContext -- Initializing Spring TestDispatcherServlet ''
08:26:14.266 [Test worker] INFO org.springframework.test.web.servlet.TestDispatcherServlet -- Initializing Servlet ''
08:26:14.278 [Test worker] INFO org.springframework.test.web.servlet.TestDispatcherServlet -- Completed initialization in 11 ms
08:26:14.632 [Test worker] INFO org.springframework.mock.web.MockServletContext -- Initializing Spring TestDispatcherServlet ''
08:26:14.632 [Test worker] INFO org.springframework.test.web.servlet.TestDispatcherServlet -- Initializing Servlet ''
08:26:14.632 [Test worker] INFO org.springframework.test.web.servlet.TestDispatcherServlet -- Completed initialization in 0 ms
08:26:14.659 [Test worker] INFO org.springframework.mock.web.MockServletContext -- Initializing Spring TestDispatcherServlet ''
08:26:14.659 [Test worker] INFO org.springframework.test.web.servlet.TestDispatcherServlet -- Initializing Servlet ''
08:26:14.660 [Test worker] INFO org.springframework.test.web.servlet.TestDispatcherServlet -- Completed initialization in 0 ms
08:26:14.911 [Test worker] INFO org.springframework.mock.web.MockServletContext -- Initializing Spring TestDispatcherServlet ''
08:26:14.912 [Test worker] INFO org.springframework.test.web.servlet.TestDispatcherServlet -- Initializing Servlet ''
08:26:14.912 [Test worker] INFO org.springframework.test.web.servlet.TestDispatcherServlet -- Completed initialization in 0 ms
08:26:14.933 [Test worker] INFO org.springframework.mock.web.MockServletContext -- Initializing Spring TestDispatcherServlet ''
08:26:14.934 [Test worker] INFO org.springframework.test.web.servlet.TestDispatcherServlet -- Initializing Servlet ''
08:26:14.935 [Test worker] INFO org.springframework.test.web.servlet.TestDispatcherServlet -- Completed initialization in 1 ms
08:26:14.966 [Test worker] INFO org.springframework.mock.web.MockServletContext -- Initializing Spring TestDispatcherServlet ''
08:26:14.966 [Test worker] INFO org.springframework.test.web.servlet.TestDispatcherServlet -- Initializing Servlet ''
08:26:14.967 [Test worker] INFO org.springframework.test.web.servlet.TestDispatcherServlet -- Completed initialization in 1 ms
]]></system-out>
  <system-err><![CDATA[]]></system-err>
</testsuite>
